<?xml version="1.0" encoding="UTF-8"?>
<!-- Generated by org.testng.reporters.JUnitXMLReporter -->
<testsuite hostname="IBM-PF350GSX" name="Default test" tests="7" failures="0" timestamp="26 May 2022 04:11:15 GMT" time="25.582" errors="0">
  <testcase name="testcase1" time="6.004" classname="RestAssured.RestAssuredProject.PetSwagger"/>
  <testcase name="testcase2" time="3.791" classname="RestAssured.RestAssuredProject.PetSwagger"/>
  <testcase name="testcase4" time="3.171" classname="RestAssured.RestAssuredProject.PetSwagger"/>
  <testcase name="testcase5" time="3.429" classname="RestAssured.RestAssuredProject.PetSwagger"/>
  <testcase name="testcase3" time="3.529" classname="RestAssured.RestAssuredProject.PetSwagger"/>
  <testcase name="testcase6" time="2.916" classname="RestAssured.RestAssuredProject.PetSwagger"/>
  <testcase name="testcase7" time="2.709" classname="RestAssured.RestAssuredProject.PetSwagger"/>
</testsuite> <!-- Default test -->
